<?xml version="1.0" encoding="UTF-8"?>
<!-- Generated by org.testng.reporters.JUnitXMLReporter -->
<testsuite ignored="3" hostname="cocheche" failures="0" tests="1" name="Default test" time="4.069" errors="0" timestamp="2025-06-26T11:57:47 ICT">
  <testcase classname="automation.test.Register" name="verifyRegisteringAccountBySubscribingToNewsletter" time="1.493"/>
  <testcase classname="automation.test.Register" name="verifyRegisterWithoutFillFields" time="0.0">
    <ignored/>
  </testcase> <!-- verifyRegisterWithoutFillFields -->
  <testcase classname="automation.test.Register" name="verifyRegisterWithAllFields" time="0.0">
    <ignored/>
  </testcase> <!-- verifyRegisterWithAllFields -->
  <testcase classname="automation.test.Register" name="verifyRegisterWithMandatoryFields" time="0.0">
    <ignored/>
  </testcase> <!-- verifyRegisterWithMandatoryFields -->
</testsuite> <!-- Default test -->
