<?xml version="1.0" encoding="UTF-8"?>
<!-- Generated by org.testng.reporters.JUnitXMLReporter -->
<testsuite ignored="2" hostname="cocheche" failures="0" tests="1" name="Default test" time="3.025" errors="0" timestamp="2025-06-25T22:57:50 ICT">
  <testcase classname="automation.test.Register" name="verifyRegisterWithoutFillFields" time="0.453"/>
  <testcase classname="automation.test.Register" name="verifyRegisterWithMandatoryFields" time="0.0">
    <ignored/>
  </testcase> <!-- verifyRegisterWithMandatoryFields -->
  <testcase classname="automation.test.Register" name="verifyRegisterWithAllFields" time="0.0">
    <ignored/>
  </testcase> <!-- verifyRegisterWithAllFields -->
</testsuite> <!-- Default test -->
